E:\이선우\C++프로젝트\DC_PROJECT\DC_PROJECT\DEBUG\CANIMATION.OBJ
E:\이선우\C++프로젝트\DC_PROJECT\DC_PROJECT\DEBUG\CGAMESCENE.OBJ
E:\이선우\C++프로젝트\DC_PROJECT\DC_PROJECT\DEBUG\CSPRITE.OBJ
E:\이선우\C++프로젝트\DC_PROJECT\DC_PROJECT\DEBUG\IOBJECT.OBJ
E:\이선우\C++프로젝트\DC_PROJECT\DC_PROJECT\DEBUG\LAON.OBJ
E:\이선우\C++프로젝트\DC_PROJECT\DC_PROJECT\DEBUG\MYFUNCTION.OBJ
E:\이선우\C++프로젝트\DC_PROJECT\DC_PROJECT\DEBUG\TIMER.OBJ
E:\이선우\C++프로젝트\DC_PROJECT\DC_PROJECT\DEBUG\WINFRAME.OBJ
E:\이선우\C++프로젝트\DC_PROJECT\DC_PROJECT\DEBUG\WINMAIN.OBJ
E:\이선우\C++프로젝트\DC_PROJECT\DC_PROJECT\DEBUG\VC110.PDB
E:\이선우\C++프로젝트\DC_PROJECT\DEBUG\DC_PROJECT.ILK
E:\이선우\C++프로젝트\DC_PROJECT\DEBUG\DC_PROJECT.EXE
E:\이선우\C++프로젝트\DC_PROJECT\DEBUG\DC_PROJECT.PDB
E:\이선우\C++프로젝트\DC_Project\DC_Project\Debug\CAnimation.obj
E:\이선우\C++프로젝트\DC_Project\DC_Project\Debug\CSprite.obj
E:\이선우\C++프로젝트\DC_Project\DC_Project\Debug\IObject.obj
E:\이선우\C++프로젝트\DC_Project\DC_Project\Debug\Timer.obj
E:\이선우\C++프로젝트\DC_Project\DC_Project\Debug\WinFrame.obj
E:\이선우\C++프로젝트\DC_Project\DC_Project\Debug\WinMain.obj
E:\이선우\C++프로젝트\DC_Project\DC_Project\Debug\Laon.obj
E:\이선우\C++프로젝트\DC_Project\DC_Project\Debug\CGameScene.obj
E:\이선우\C++프로젝트\DC_Project\DC_Project\Debug\myFunction.obj
E:\이선우\C++프로젝트\DC_Project\DC_Project\Debug\CL.read.1.tlog
E:\이선우\C++프로젝트\DC_Project\DC_Project\Debug\CL.write.1.tlog
E:\이선우\C++프로젝트\DC_Project\DC_Project\Debug\cl.command.1.tlog
E:\이선우\C++프로젝트\DC_Project\DC_Project\Debug\link-rc.read.1.tlog
E:\이선우\C++프로젝트\DC_Project\DC_Project\Debug\link-rc.write.1.tlog
E:\이선우\C++프로젝트\DC_Project\DC_Project\Debug\link-cvtres.read.1.tlog
E:\이선우\C++프로젝트\DC_Project\DC_Project\Debug\link-cvtres.write.1.tlog
E:\이선우\C++프로젝트\DC_Project\DC_Project\Debug\link.read.1.tlog
E:\이선우\C++프로젝트\DC_Project\DC_Project\Debug\link.write.1.tlog
E:\이선우\C++프로젝트\DC_Project\DC_Project\Debug\link.command.1.tlog
E:\이선우\C++프로젝트\DC_Project\DC_Project\Debug\vc110.idb
E:\이선우\C++프로젝트\DC_Project\DC_Project\Debug\vc110.pdb
E:\이선우\C++프로젝트\DC_Project\Debug\DC_Project.pdb
E:\이선우\C++프로젝트\DC_Project\Debug\DC_Project.exe
E:\이선우\C++프로젝트\DC_Project\Debug\DC_Project.ilk
